#
# There is insufficient memory for the Java Runtime Environment to continue.
# Native memory allocation (mmap) failed to map 262144 bytes for committing reserved memory.
# Possible reasons:
#   The system is out of physical RAM or swap space
#   In 32 bit mode, the process size limit was hit
# Possible solutions:
#   Reduce memory load on the system
#   Increase physical memory or swap space
#   Check if swap backing store is full
#   Use 64 bit Java on a 64 bit OS
#   Decrease Java heap size (-Xmx/-Xms)
#   Decrease number of Java threads
#   Decrease Java thread stack sizes (-Xss)
#   Set larger code cache with -XX:ReservedCodeCacheSize=
# This output file may be truncated or incomplete.
#
#  Out of Memory Error (os_linux.cpp:2640), pid=26327, tid=0x00007ff63255d700
#
# JRE version: Java(TM) SE Runtime Environment (8.0_144-b01) (build 1.8.0_144-b01)
# Java VM: Java HotSpot(TM) 64-Bit Server VM (25.144-b01 mixed mode linux-amd64 compressed oops)
# Failed to write core dump. Core dumps have been disabled. To enable core dumping, try "ulimit -c unlimited" before starting Java again
#

---------------  T H R E A D  ---------------

Current thread (0x00007ff62c00a000):  JavaThread "main" [_thread_in_vm, id=26338, stack(0x00007ff63245d000,0x00007ff63255e000)]

Stack: [0x00007ff63245d000,0x00007ff63255e000],  sp=0x00007ff632555ed0,  free space=995k
Native frames: (J=compiled Java code, j=interpreted, Vv=VM code, C=native code)
V  [libjvm.so+0xacb18a]  VMError::report_and_die()+0x2ba
V  [libjvm.so+0x4ff4db]  report_vm_out_of_memory(char const*, int, unsigned long, VMErrorType, char const*)+0x8b
V  [libjvm.so+0x927d23]  os::Linux::commit_memory_impl(char*, unsigned long, bool)+0x103
V  [libjvm.so+0x928279]  os::pd_commit_memory(char*, unsigned long, unsigned long, bool)+0x29
V  [libjvm.so+0x92249a]  os::commit_memory(char*, unsigned long, unsigned long, bool)+0x2a
V  [libjvm.so+0xac6ee9]  VirtualSpace::expand_by(unsigned long, bool)+0x199
V  [libjvm.so+0x8a62b6]  VirtualSpaceList::expand_node_by(VirtualSpaceNode*, unsigned long, unsigned long)+0x76
V  [libjvm.so+0x8a90d0]  VirtualSpaceList::expand_by(unsigned long, unsigned long)+0xf0
V  [libjvm.so+0x8a9263]  VirtualSpaceList::get_new_chunk(unsigned long, unsigned long, unsigned long)+0xb3
V  [libjvm.so+0x8aadb2]  SpaceManager::grow_and_allocate(unsigned long)+0x2d2
V  [libjvm.so+0x8aafbb]  SpaceManager::allocate_work(unsigned long)+0x14b
V  [libjvm.so+0x8ab04c]  SpaceManager::allocate(unsigned long)+0x7c
V  [libjvm.so+0x8ab29e]  Metaspace::allocate(ClassLoaderData*, unsigned long, bool, MetaspaceObj::Type, Thread*)+0x17e
V  [libjvm.so+0x4f205a]  ConstMethod::copy_stackmap_data(ClassLoaderData*, unsigned char*, int, Thread*)+0x4a
V  [libjvm.so+0x46230a]  ClassFileParser::parse_method(bool, AccessFlags*, Thread*)+0x188a
V  [libjvm.so+0x462953]  ClassFileParser::parse_methods(bool, AccessFlags*, bool*, bool*, Thread*)+0x293
V  [libjvm.so+0x4637da]  ClassFileParser::parseClassFile(Symbol*, ClassLoaderData*, Handle, KlassHandle, GrowableArray<Handle>*, TempNewSymbol&, bool, Thread*)+0xcca
V  [libjvm.so+0xa3b55f]  SystemDictionary::resolve_from_stream(Symbol*, Handle, Handle, ClassFileStream*, bool, Thread*)+0x14f
V  [libjvm.so+0x71404e]  jvm_define_class_common(JNIEnv_*, char const*, _jobject*, signed char const*, int, _jobject*, char const*, unsigned char, Thread*)+0x2ae
V  [libjvm.so+0x718b21]  JVM_DefineClassWithSource+0xe1
C  [libjava.so+0xebb5]  Java_java_lang_ClassLoader_defineClass1+0x155
J 506  java.lang.ClassLoader.defineClass1(Ljava/lang/String;[BIILjava/security/ProtectionDomain;Ljava/lang/String;)Ljava/lang/Class; (0 bytes) @ 0x00007ff61c80828b [0x00007ff61c808180+0x10b]
J 378 C1 java.lang.ClassLoader.defineClass(Ljava/lang/String;[BIILjava/security/ProtectionDomain;)Ljava/lang/Class; (43 bytes) @ 0x00007ff61c7a4694 [0x00007ff61c7a40c0+0x5d4]
J 284 C1 java.net.URLClassLoader.defineClass(Ljava/lang/String;Lsun/misc/Resource;)Ljava/lang/Class; (142 bytes) @ 0x00007ff61c76198c [0x00007ff61c75fe40+0x1b4c]
J 226 C1 java.net.URLClassLoader$1.run()Ljava/lang/Class; (63 bytes) @ 0x00007ff61c73201c [0x00007ff61c731d60+0x2bc]
J 225 C1 java.net.URLClassLoader$1.run()Ljava/lang/Object; (5 bytes) @ 0x00007ff61c73274c [0x00007ff61c7326c0+0x8c]
v  ~StubRoutines::call_stub
V  [libjvm.so+0x693e96]  JavaCalls::call_helper(JavaValue*, methodHandle*, JavaCallArguments*, Thread*)+0x1056
V  [libjvm.so+0x72d16c]  JVM_DoPrivileged+0x27c
J 147  java.security.AccessController.doPrivileged(Ljava/security/PrivilegedExceptionAction;Ljava/security/AccessControlContext;)Ljava/lang/Object; (0 bytes) @ 0x00007ff61c707555 [0x00007ff61c707480+0xd5]
J 3214 C2 java.net.URLClassLoader.findClass(Ljava/lang/String;)Ljava/lang/Class; (47 bytes) @ 0x00007ff61d022b30 [0x00007ff61d022aa0+0x90]
J 3207 C2 java.lang.ClassLoader.loadClass(Ljava/lang/String;Z)Ljava/lang/Class; (122 bytes) @ 0x00007ff61d01fdd4 [0x00007ff61d01fa80+0x354]
J 3218 C1 java.net.FactoryURLClassLoader.loadClass(Ljava/lang/String;Z)Ljava/lang/Class; (40 bytes) @ 0x00007ff61d01c3fc [0x00007ff61d01bfc0+0x43c]
J 3211 C1 java.lang.ClassLoader.loadClass(Ljava/lang/String;)Ljava/lang/Class; (7 bytes) @ 0x00007ff61d01e984 [0x00007ff61d01e880+0x104]
v  ~StubRoutines::call_stub
V  [libjvm.so+0x693e96]  JavaCalls::call_helper(JavaValue*, methodHandle*, JavaCallArguments*, Thread*)+0x1056
V  [libjvm.so+0x6943a1]  JavaCalls::call_virtual(JavaValue*, KlassHandle, Symbol*, Symbol*, JavaCallArguments*, Thread*)+0x321
V  [libjvm.so+0x6947f6]  JavaCalls::call_virtual(JavaValue*, Handle, KlassHandle, Symbol*, Symbol*, Handle, Thread*)+0x56
V  [libjvm.so+0xa409b0]  SystemDictionary::load_instance_class(Symbol*, Handle, Thread*)+0x3f0
V  [libjvm.so+0xa3f8fc]  SystemDictionary::resolve_instance_class_or_null(Symbol*, Handle, Handle, Thread*)+0x78c
V  [libjvm.so+0xa40dd3]  SystemDictionary::resolve_or_fail(Symbol*, Handle, Handle, bool, Thread*)+0x33
V  [libjvm.so+0xaa6b9f]  VerificationType::is_reference_assignable_from(VerificationType const&, ClassVerifier*, bool, Thread*) const+0xef
V  [libjvm.so+0xabc0e5]  StackMapFrame::pop_stack(VerificationType, Thread*)+0x195
V  [libjvm.so+0xaac1cf]  ClassVerifier::verify_field_instructions(RawBytecodeStream*, StackMapFrame*, constantPoolHandle, Thread*)+0x83f
V  [libjvm.so+0xab569b]  ClassVerifier::verify_method(methodHandle, Thread*)+0x18bb
V  [libjvm.so+0xaba62b]  ClassVerifier::verify_class(Thread*)+0xcb
V  [libjvm.so+0xabad75]  Verifier::verify(instanceKlassHandle, Verifier::Mode, bool, Thread*)+0x525
V  [libjvm.so+0x646bc7]  InstanceKlass::link_class_impl(instanceKlassHandle, bool, Thread*)+0x377
V  [libjvm.so+0x64812f]  InstanceKlass::initialize_impl(instanceKlassHandle, Thread*)+0x6f
V  [libjvm.so+0x648631]  InstanceKlass::initialize(Thread*)+0x41
V  [libjvm.so+0x7fe8c6]  LinkResolver::resolve_static_call(CallInfo&, KlassHandle&, Symbol*, Symbol*, KlassHandle, bool, bool, Thread*)+0x246
V  [libjvm.so+0x7feb4f]  LinkResolver::resolve_invokestatic(CallInfo&, constantPoolHandle, int, Thread*)+0x23f
V  [libjvm.so+0x7ffb99]  LinkResolver::resolve_invoke(CallInfo&, Handle, constantPoolHandle, int, Bytecodes::Code, Thread*)+0x489
V  [libjvm.so+0x68d529]  InterpreterRuntime::resolve_invoke(JavaThread*, Bytecodes::Code)+0x1b9
j  com.sun.tools.javac.main.JavaCompiler.<init>(Lcom/sun/tools/javac/util/Context;)V+137
j  com.sun.tools.javac.main.JavaCompiler.instance(Lcom/sun/tools/javac/util/Context;)Lcom/sun/tools/javac/main/JavaCompiler;+20
j  com.sun.tools.javac.main.Main.compile([Ljava/lang/String;[Ljava/lang/String;Lcom/sun/tools/javac/util/Context;Lcom/sun/tools/javac/util/List;Ljava/lang/Iterable;)Lcom/sun/tools/javac/main/Main$Result;+929
j  com.sun.tools.javac.api.JavacTaskImpl.doCall()Lcom/sun/tools/javac/main/Main$Result;+59
j  com.sun.tools.javac.api.JavacTaskImpl.call()Ljava/lang/Boolean;+1
j  org.codehaus.plexus.compiler.javac.JavaxToolsCompiler.compileInProcess([Ljava/lang/String;Lorg/codehaus/plexus/compiler/CompilerConfiguration;[Ljava/lang/String;)Lorg/codehaus/plexus/compiler/CompilerResult;+125
j  org.codehaus.plexus.compiler.javac.JavacCompiler.performCompile(Lorg/codehaus/plexus/compiler/CompilerConfiguration;)Lorg/codehaus/plexus/compiler/CompilerResult;+216
j  org.apache.maven.plugin.compiler.AbstractCompilerMojo.execute()V+2006
j  org.apache.maven.plugin.compiler.CompilerMojo.execute()V+20
j  org.apache.maven.plugin.DefaultBuildPluginManager.executeMojo(Lorg/apache/maven/execution/MavenSession;Lorg/apache/maven/plugin/MojoExecution;)V+101
j  org.apache.maven.lifecycle.internal.MojoExecutor.execute(Lorg/apache/maven/execution/MavenSession;Lorg/apache/maven/plugin/MojoExecution;Lorg/apache/maven/lifecycle/internal/ProjectIndex;Lorg/apache/maven/lifecycle/internal/DependencyContext;)V+215
j  org.apache.maven.lifecycle.internal.MojoExecutor.execute(Lorg/apache/maven/execution/MavenSession;Lorg/apache/maven/plugin/MojoExecution;Lorg/apache/maven/lifecycle/internal/ProjectIndex;Lorg/apache/maven/lifecycle/internal/DependencyContext;Lorg/apache/maven/lifecycle/internal/PhaseRecorder;)V+6
j  org.apache.maven.lifecycle.internal.MojoExecutor.execute(Lorg/apache/maven/execution/MavenSession;Ljava/util/List;Lorg/apache/maven/lifecycle/internal/ProjectIndex;)V+60
j  org.apache.maven.lifecycle.internal.LifecycleModuleBuilder.buildProject(Lorg/apache/maven/execution/MavenSession;Lorg/apache/maven/execution/MavenSession;Lorg/apache/maven/lifecycle/internal/ReactorContext;Lorg/apache/maven/project/MavenProject;Lorg/apache/maven/lifecycle/internal/TaskSegment;)V+107
j  org.apache.maven.lifecycle.internal.LifecycleModuleBuilder.buildProject(Lorg/apache/maven/execution/MavenSession;Lorg/apache/maven/lifecycle/internal/ReactorContext;Lorg/apache/maven/project/MavenProject;Lorg/apache/maven/lifecycle/internal/TaskSegment;)V+7
j  org.apache.maven.lifecycle.internal.LifecycleStarter.singleThreadedBuild(Lorg/apache/maven/execution/MavenSession;Lorg/apache/maven/lifecycle/internal/ReactorContext;Lorg/apache/maven/lifecycle/internal/ProjectBuildList;Ljava/util/List;Lorg/apache/maven/lifecycle/internal/ReactorBuildStatus;)V+77
j  org.apache.maven.lifecycle.internal.LifecycleStarter.execute(Lorg/apache/maven/execution/MavenSession;)V+421
j  org.apache.maven.DefaultMaven.doExecute(Lorg/apache/maven/execution/MavenExecutionRequest;)Lorg/apache/maven/execution/MavenExecutionResult;+585
j  org.apache.maven.DefaultMaven.execute(Lorg/apache/maven/execution/MavenExecutionRequest;)Lorg/apache/maven/execution/MavenExecutionResult;+11
j  org.apache.maven.cli.MavenCli.execute(Lorg/apache/maven/cli/MavenCli$CliRequest;)I+19
j  org.apache.maven.cli.MavenCli.doMain(Lorg/apache/maven/cli/MavenCli$CliRequest;)I+53
j  org.apache.maven.cli.MavenCli.main([Ljava/lang/String;Lorg/codehaus/plexus/classworlds/ClassWorld;)I+18
v  ~StubRoutines::call_stub
V  [libjvm.so+0x693e96]  JavaCalls::call_helper(JavaValue*, methodHandle*, JavaCallArguments*, Thread*)+0x1056
V  [libjvm.so+0x9a0447]  Reflection::invoke(instanceKlassHandle, methodHandle, Handle, bool, objArrayHandle, BasicType, objArrayHandle, bool, Thread*)+0x5d7
V  [libjvm.so+0x9a3b57]  Reflection::invoke_method(oopDesc*, Handle, objArrayHandle, Thread*)+0x147
V  [libjvm.so+0x72754b]  JVM_InvokeMethod+0x26b
j  sun.reflect.NativeMethodAccessorImpl.invoke0(Ljava/lang/reflect/Method;Ljava/lang/Object;[Ljava/lang/Object;)Ljava/lang/Object;+0
j  sun.reflect.NativeMethodAccessorImpl.invoke(Ljava/lang/Object;[Ljava/lang/Object;)Ljava/lang/Object;+100
j  sun.reflect.DelegatingMethodAccessorImpl.invoke(Ljava/lang/Object;[Ljava/lang/Object;)Ljava/lang/Object;+6
j  java.lang.reflect.Method.invoke(Ljava/lang/Object;[Ljava/lang/Object;)Ljava/lang/Object;+56
j  org.codehaus.plexus.classworlds.launcher.Launcher.launchEnhanced([Ljava/lang/String;)V+45
j  org.codehaus.plexus.classworlds.launcher.Launcher.launch([Ljava/lang/String;)V+2
j  org.codehaus.plexus.classworlds.launcher.Launcher.mainWithExitCode([Ljava/lang/String;)I+101
j  org.codehaus.plexus.classworlds.launcher.Launcher.main([Ljava/lang/String;)V+1
v  ~StubRoutines::call_stub
V  [libjvm.so+0x693e96]  JavaCalls::call_helper(JavaValue*, methodHandle*, JavaCallArguments*, Thread*)+0x1056
V  [libjvm.so+0x6d52b2]  jni_invoke_static(JNIEnv_*, JavaValue*, _jobject*, JNICallType, _jmethodID*, JNI_ArgumentPusher*, Thread*)+0x362
V  [libjvm.so+0x6f1b1a]  jni_CallStaticVoidMethod+0x17a
C  [libjli.so+0x7bdf]  JavaMain+0x81f
C  [libpthread.so.0+0x8184]  start_thread+0xc4

Java frames: (J=compiled Java code, j=interpreted, Vv=VM code)
J 506  java.lang.ClassLoader.defineClass1(Ljava/lang/String;[BIILjava/security/ProtectionDomain;Ljava/lang/String;)Ljava/lang/Class; (0 bytes) @ 0x00007ff61c808211 [0x00007ff61c808180+0x91]
J 378 C1 java.lang.ClassLoader.defineClass(Ljava/lang/String;[BIILjava/security/ProtectionDomain;)Ljava/lang/Class; (43 bytes) @ 0x00007ff61c7a4694 [0x00007ff61c7a40c0+0x5d4]
J 284 C1 java.net.URLClassLoader.defineClass(Ljava/lang/String;Lsun/misc/Resource;)Ljava/lang/Class; (142 bytes) @ 0x00007ff61c76198c [0x00007ff61c75fe40+0x1b4c]
J 226 C1 java.net.URLClassLoader$1.run()Ljava/lang/Class; (63 bytes) @ 0x00007ff61c73201c [0x00007ff61c731d60+0x2bc]
J 225 C1 java.net.URLClassLoader$1.run()Ljava/lang/Object; (5 bytes) @ 0x00007ff61c73274c [0x00007ff61c7326c0+0x8c]
v  ~StubRoutines::call_stub
J 147  java.security.AccessController.doPrivileged(Ljava/security/PrivilegedExceptionAction;Ljava/security/AccessControlContext;)Ljava/lang/Object; (0 bytes) @ 0x00007ff61c7074e3 [0x00007ff61c707480+0x63]
J 3214 C2 java.net.URLClassLoader.findClass(Ljava/lang/String;)Ljava/lang/Class; (47 bytes) @ 0x00007ff61d022b30 [0x00007ff61d022aa0+0x90]
J 3207 C2 java.lang.ClassLoader.loadClass(Ljava/lang/String;Z)Ljava/lang/Class; (122 bytes) @ 0x00007ff61d01fdd4 [0x00007ff61d01fa80+0x354]
J 3218 C1 java.net.FactoryURLClassLoader.loadClass(Ljava/lang/String;Z)Ljava/lang/Class; (40 bytes) @ 0x00007ff61d01c3fc [0x00007ff61d01bfc0+0x43c]
J 3211 C1 java.lang.ClassLoader.loadClass(Ljava/lang/String;)Ljava/lang/Class; (7 bytes) @ 0x00007ff61d01e984 [0x00007ff61d01e880+0x104]
v  ~StubRoutines::call_stub
j  com.sun.tools.javac.main.JavaCompiler.<init>(Lcom/sun/tools/javac/util/Context;)V+137
j  com.sun.tools.javac.main.JavaCompiler.instance(Lcom/sun/tools/javac/util/Context;)Lcom/sun/tools/javac/main/JavaCompiler;+20
j  com.sun.tools.javac.main.Main.compile([Ljava/lang/String;[Ljava/lang/String;Lcom/sun/tools/javac/util/Context;Lcom/sun/tools/javac/util/List;Ljava/lang/Iterable;)Lcom/sun/tools/javac/main/Main$Result;+929
j  com.sun.tools.javac.api.JavacTaskImpl.doCall()Lcom/sun/tools/javac/main/Main$Result;+59
j  com.sun.tools.javac.api.JavacTaskImpl.call()Ljava/lang/Boolean;+1
j  org.codehaus.plexus.compiler.javac.JavaxToolsCompiler.compileInProcess([Ljava/lang/String;Lorg/codehaus/plexus/compiler/CompilerConfiguration;[Ljava/lang/String;)Lorg/codehaus/plexus/compiler/CompilerResult;+125
j  org.codehaus.plexus.compiler.javac.JavacCompiler.performCompile(Lorg/codehaus/plexus/compiler/CompilerConfiguration;)Lorg/codehaus/plexus/compiler/CompilerResult;+216
j  org.apache.maven.plugin.compiler.AbstractCompilerMojo.execute()V+2006
j  org.apache.maven.plugin.compiler.CompilerMojo.execute()V+20
j  org.apache.maven.plugin.DefaultBuildPluginManager.executeMojo(Lorg/apache/maven/execution/MavenSession;Lorg/apache/maven/plugin/MojoExecution;)V+101
j  org.apache.maven.lifecycle.internal.MojoExecutor.execute(Lorg/apache/maven/execution/MavenSession;Lorg/apache/maven/plugin/MojoExecution;Lorg/apache/maven/lifecycle/internal/ProjectIndex;Lorg/apache/maven/lifecycle/internal/DependencyContext;)V+215
j  org.apache.maven.lifecycle.internal.MojoExecutor.execute(Lorg/apache/maven/execution/MavenSession;Lorg/apache/maven/plugin/MojoExecution;Lorg/apache/maven/lifecycle/internal/ProjectIndex;Lorg/apache/maven/lifecycle/internal/DependencyContext;Lorg/apache/maven/lifecycle/internal/PhaseRecorder;)V+6
j  org.apache.maven.lifecycle.internal.MojoExecutor.execute(Lorg/apache/maven/execution/MavenSession;Ljava/util/List;Lorg/apache/maven/lifecycle/internal/ProjectIndex;)V+60
j  org.apache.maven.lifecycle.internal.LifecycleModuleBuilder.buildProject(Lorg/apache/maven/execution/MavenSession;Lorg/apache/maven/execution/MavenSession;Lorg/apache/maven/lifecycle/internal/ReactorContext;Lorg/apache/maven/project/MavenProject;Lorg/apache/maven/lifecycle/internal/TaskSegment;)V+107
j  org.apache.maven.lifecycle.internal.LifecycleModuleBuilder.buildProject(Lorg/apache/maven/execution/MavenSession;Lorg/apache/maven/lifecycle/internal/ReactorContext;Lorg/apache/maven/project/MavenProject;Lorg/apache/maven/lifecycle/internal/TaskSegment;)V+7
j  org.apache.maven.lifecycle.internal.LifecycleStarter.singleThreadedBuild(Lorg/apache/maven/execution/MavenSession;Lorg/apache/maven/lifecycle/internal/ReactorContext;Lorg/apache/maven/lifecycle/internal/ProjectBuildList;Ljava/util/List;Lorg/apache/maven/lifecycle/internal/ReactorBuildStatus;)V+77
j  org.apache.maven.lifecycle.internal.LifecycleStarter.execute(Lorg/apache/maven/execution/MavenSession;)V+421
j  org.apache.maven.DefaultMaven.doExecute(Lorg/apache/maven/execution/MavenExecutionRequest;)Lorg/apache/maven/execution/MavenExecutionResult;+585
j  org.apache.maven.DefaultMaven.execute(Lorg/apache/maven/execution/MavenExecutionRequest;)Lorg/apache/maven/execution/MavenExecutionResult;+11
j  org.apache.maven.cli.MavenCli.execute(Lorg/apache/maven/cli/MavenCli$CliRequest;)I+19
j  org.apache.maven.cli.MavenCli.doMain(Lorg/apache/maven/cli/MavenCli$CliRequest;)I+53
j  org.apache.maven.cli.MavenCli.main([Ljava/lang/String;Lorg/codehaus/plexus/classworlds/ClassWorld;)I+18
v  ~StubRoutines::call_stub
j  sun.reflect.NativeMethodAccessorImpl.invoke0(Ljava/lang/reflect/Method;Ljava/lang/Object;[Ljava/lang/Object;)Ljava/lang/Object;+0
j  sun.reflect.NativeMethodAccessorImpl.invoke(Ljava/lang/Object;[Ljava/lang/Object;)Ljava/lang/Object;+100
j  sun.reflect.DelegatingMethodAccessorImpl.invoke(Ljava/lang/Object;[Ljava/lang/Object;)Ljava/lang/Object;+6
j  java.lang.reflect.Method.invoke(Ljava/lang/Object;[Ljava/lang/Object;)Ljava/lang/Object;+56
j  org.codehaus.plexus.classworlds.launcher.Launcher.launchEnhanced([Ljava/lang/String;)V+45
j  org.codehaus.plexus.classworlds.launcher.Launcher.launch([Ljava/lang/String;)V+2
j  org.codehaus.plexus.classworlds.launcher.Launcher.mainWithExitCode([Ljava/lang/String;)I+101
j  org.codehaus.plexus.classworlds.launcher.Launcher.main([Ljava/lang/String;)V+1
v  ~StubRoutines::call_stub

---------------  P R O C E S S  ---------------

Java Threads: ( => current thread )
  0x00007ff62c0d2800 JavaThread "Service Thread" daemon [_thread_blocked, id=26350, stack(0x00007ff61522a000,0x00007ff61532b000)]
  0x00007ff62c0bd800 JavaThread "C1 CompilerThread2" daemon [_thread_blocked, id=26349, stack(0x00007ff61532b000,0x00007ff61542c000)]
  0x00007ff62c0bc000 JavaThread "C2 CompilerThread1" daemon [_thread_in_native, id=26348, stack(0x00007ff61542c000,0x00007ff61552d000)]
  0x00007ff62c0b9000 JavaThread "C2 CompilerThread0" daemon [_thread_blocked, id=26347, stack(0x00007ff61552d000,0x00007ff61562e000)]
  0x00007ff62c0b7800 JavaThread "Signal Dispatcher" daemon [_thread_blocked, id=26346, stack(0x00007ff61562e000,0x00007ff61572f000)]
  0x00007ff62c084000 JavaThread "Finalizer" daemon [_thread_blocked, id=26345, stack(0x00007ff6158b8000,0x00007ff6159b9000)]
  0x00007ff62c07f800 JavaThread "Reference Handler" daemon [_thread_blocked, id=26344, stack(0x00007ff6159b9000,0x00007ff615aba000)]
=>0x00007ff62c00a000 JavaThread "main" [_thread_in_vm, id=26338, stack(0x00007ff63245d000,0x00007ff63255e000)]

Other Threads:
  0x00007ff62c077800 VMThread [stack: 0x00007ff615aba000,0x00007ff615bbb000] [id=26343]
  0x00007ff62c0d5800 WatcherThread [stack: 0x00007ff615129000,0x00007ff61522a000] [id=26351]

VM state:synchronizing (normal execution)

VM Mutex/Monitor currently owned by a thread:  ([mutex/lock_event])
[0x00007ff62c006050] Threads_lock - owner thread: 0x00007ff62c077800

Heap:
 PSYoungGen      total 137728K, used 123539K [0x00000000d6e00000, 0x00000000dff00000, 0x0000000100000000)
  eden space 126976K, 90% used [0x00000000d6e00000,0x00000000dde60d70,0x00000000dea00000)
  from space 10752K, 78% used [0x00000000df480000,0x00000000dfcc4010,0x00000000dff00000)
  to   space 10752K, 0% used [0x00000000dea00000,0x00000000dea00000,0x00000000df480000)
 ParOldGen       total 84992K, used 9619K [0x0000000084a00000, 0x0000000089d00000, 0x00000000d6e00000)
  object space 84992K, 11% used [0x0000000084a00000,0x0000000085364e90,0x0000000089d00000)
 Metaspace       used 16918K, capacity 17394K, committed 17536K, reserved 1064960K
  class space    used 1958K, capacity 2072K, committed 2176K, reserved 1048576K

Card table byte_map: [0x00007ff61be0e000,0x00007ff61c1ea000] byte_map_base: 0x00007ff61b9e9000

Marking Bits: (ParMarkBitMap*) 0x00007ff631920dc0
 Begin Bits: [0x00007ff6179c8000, 0x00007ff6198a0000)
 End Bits:   [0x00007ff6198a0000, 0x00007ff61b778000)

Polling page: 0x00007ff63256e000

CodeCache: size=245760Kb used=10692Kb max_used=10704Kb free=235067Kb
 bounds [0x00007ff61c5aa000, 0x00007ff61d02a000, 0x00007ff62b5aa000]
 total_blobs=3537 nmethods=3202 adapters=248
 compilation: enabled

Compilation events (10 events):
Event: 11.305 Thread 0x00007ff62c0bd800 3215       3       java.nio.charset.Charset::isSupported (13 bytes)
Event: 11.393 Thread 0x00007ff62c0bd800 nmethod 3215 0x00007ff61d01d490 code [0x00007ff61d01d600, 0x00007ff61d01d7c8]
Event: 11.445 Thread 0x00007ff62c0bc000 nmethod 3214 0x00007ff61d022910 code [0x00007ff61d022aa0, 0x00007ff61d022c98]
Event: 11.610 Thread 0x00007ff62c0b9000 3216       4       java.lang.ReflectiveOperationException::<init> (7 bytes)
Event: 11.625 Thread 0x00007ff62c0bd800 3217       3       com.sun.tools.javac.main.Option::matches (130 bytes)
Event: 11.650 Thread 0x00007ff62c0bd800 nmethod 3217 0x00007ff61d023090 code [0x00007ff61d0232c0, 0x00007ff61d023f18]
Event: 11.655 Thread 0x00007ff62c0bd800 3218       3       java.net.FactoryURLClassLoader::loadClass (40 bytes)
Event: 11.656 Thread 0x00007ff62c0bd800 nmethod 3218 0x00007ff61d01be10 code [0x00007ff61d01bfc0, 0x00007ff61d01c578]
Event: 11.683 Thread 0x00007ff62c0bc000 3219       4       java.net.URLClassLoader$1::run (5 bytes)
Event: 11.726 Thread 0x00007ff62c0b9000 nmethod 3216 0x00007ff61d01a290 code [0x00007ff61d01a400, 0x00007ff61d01a788]

GC Heap History (10 events):
Event: 1.053 GC heap before
{Heap before GC invocations=2 (full 0):
 PSYoungGen      total 36864K, used 36833K [0x00000000d6e00000, 0x00000000d9700000, 0x0000000100000000)
  eden space 31744K, 100% used [0x00000000d6e00000,0x00000000d8d00000,0x00000000d8d00000)
  from space 5120K, 99% used [0x00000000d8d00000,0x00000000d91f8428,0x00000000d9200000)
  to   space 5120K, 0% used [0x00000000d9200000,0x00000000d9200000,0x00000000d9700000)
 ParOldGen       total 84992K, used 16K [0x0000000084a00000, 0x0000000089d00000, 0x00000000d6e00000)
  object space 84992K, 0% used [0x0000000084a00000,0x0000000084a04000,0x0000000089d00000)
 Metaspace       used 11534K, capacity 11700K, committed 11776K, reserved 1058816K
  class space    used 1427K, capacity 1468K, committed 1536K, reserved 1048576K
Event: 1.072 GC heap after
Heap after GC invocations=2 (full 0):
 PSYoungGen      total 36864K, used 5104K [0x00000000d6e00000, 0x00000000db600000, 0x0000000100000000)
  eden space 31744K, 0% used [0x00000000d6e00000,0x00000000d6e00000,0x00000000d8d00000)
  from space 5120K, 99% used [0x00000000d9200000,0x00000000d96fc008,0x00000000d9700000)
  to   space 5120K, 0% used [0x00000000d8d00000,0x00000000d8d00000,0x00000000d9200000)
 ParOldGen       total 84992K, used 137K [0x0000000084a00000, 0x0000000089d00000, 0x00000000d6e00000)
  object space 84992K, 0% used [0x0000000084a00000,0x0000000084a227e0,0x0000000089d00000)
 Metaspace       used 11534K, capacity 11700K, committed 11776K, reserved 1058816K
  class space    used 1427K, capacity 1468K, committed 1536K, reserved 1048576K
}
Event: 1.325 GC heap before
{Heap before GC invocations=3 (full 0):
 PSYoungGen      total 36864K, used 36848K [0x00000000d6e00000, 0x00000000db600000, 0x0000000100000000)
  eden space 31744K, 100% used [0x00000000d6e00000,0x00000000d8d00000,0x00000000d8d00000)
  from space 5120K, 99% used [0x00000000d9200000,0x00000000d96fc008,0x00000000d9700000)
  to   space 5120K, 0% used [0x00000000d8d00000,0x00000000d8d00000,0x00000000d9200000)
 ParOldGen       total 84992K, used 137K [0x0000000084a00000, 0x0000000089d00000, 0x00000000d6e00000)
  object space 84992K, 0% used [0x0000000084a00000,0x0000000084a227e0,0x0000000089d00000)
 Metaspace       used 13222K, capacity 13380K, committed 13440K, reserved 1060864K
  class space    used 1581K, capacity 1636K, committed 1664K, reserved 1048576K
Event: 1.335 GC heap after
Heap after GC invocations=3 (full 0):
 PSYoungGen      total 36864K, used 5104K [0x00000000d6e00000, 0x00000000db600000, 0x0000000100000000)
  eden space 31744K, 0% used [0x00000000d6e00000,0x00000000d6e00000,0x00000000d8d00000)
  from space 5120K, 99% used [0x00000000d8d00000,0x00000000d91fc010,0x00000000d9200000)
  to   space 5120K, 0% used [0x00000000db100000,0x00000000db100000,0x00000000db600000)
 ParOldGen       total 84992K, used 2650K [0x0000000084a00000, 0x0000000089d00000, 0x00000000d6e00000)
  object space 84992K, 3% used [0x0000000084a00000,0x0000000084c96930,0x0000000089d00000)
 Metaspace       used 13222K, capacity 13380K, committed 13440K, reserved 1060864K
  class space    used 1581K, capacity 1636K, committed 1664K, reserved 1048576K
}
Event: 1.392 GC heap before
{Heap before GC invocations=4 (full 0):
 PSYoungGen      total 36864K, used 36848K [0x00000000d6e00000, 0x00000000db600000, 0x0000000100000000)
  eden space 31744K, 100% used [0x00000000d6e00000,0x00000000d8d00000,0x00000000d8d00000)
  from space 5120K, 99% used [0x00000000d8d00000,0x00000000d91fc010,0x00000000d9200000)
  to   space 5120K, 0% used [0x00000000db100000,0x00000000db100000,0x00000000db600000)
 ParOldGen       total 84992K, used 2650K [0x0000000084a00000, 0x0000000089d00000, 0x00000000d6e00000)
  object space 84992K, 3% used [0x0000000084a00000,0x0000000084c96930,0x0000000089d00000)
 Metaspace       used 13283K, capacity 13444K, committed 13696K, reserved 1060864K
  class space    used 1581K, capacity 1636K, committed 1664K, reserved 1048576K
Event: 1.401 GC heap after
Heap after GC invocations=4 (full 0):
 PSYoungGen      total 68608K, used 5120K [0x00000000d6e00000, 0x00000000db600000, 0x0000000100000000)
  eden space 63488K, 0% used [0x00000000d6e00000,0x00000000d6e00000,0x00000000dac00000)
  from space 5120K, 100% used [0x00000000db100000,0x00000000db600000,0x00000000db600000)
  to   space 5120K, 0% used [0x00000000dac00000,0x00000000dac00000,0x00000000db100000)
 ParOldGen       total 84992K, used 5442K [0x0000000084a00000, 0x0000000089d00000, 0x00000000d6e00000)
  object space 84992K, 6% used [0x0000000084a00000,0x0000000084f50930,0x0000000089d00000)
 Metaspace       used 13283K, capacity 13444K, committed 13696K, reserved 1060864K
  class space    used 1581K, capacity 1636K, committed 1664K, reserved 1048576K
}
Event: 1.646 GC heap before
{Heap before GC invocations=5 (full 0):
 PSYoungGen      total 68608K, used 68608K [0x00000000d6e00000, 0x00000000db600000, 0x0000000100000000)
  eden space 63488K, 100% used [0x00000000d6e00000,0x00000000dac00000,0x00000000dac00000)
  from space 5120K, 100% used [0x00000000db100000,0x00000000db600000,0x00000000db600000)
  to   space 5120K, 0% used [0x00000000dac00000,0x00000000dac00000,0x00000000db100000)
 ParOldGen       total 84992K, used 5442K [0x0000000084a00000, 0x0000000089d00000, 0x00000000d6e00000)
  object space 84992K, 6% used [0x0000000084a00000,0x0000000084f50930,0x0000000089d00000)
 Metaspace       used 13871K, capacity 14102K, committed 14336K, reserved 1062912K
  class space    used 1636K, capacity 1708K, committed 1792K, reserved 1048576K
Event: 1.675 GC heap after
Heap after GC invocations=5 (full 0):
 PSYoungGen      total 68608K, used 5104K [0x00000000d6e00000, 0x00000000dff00000, 0x0000000100000000)
  eden space 63488K, 0% used [0x00000000d6e00000,0x00000000d6e00000,0x00000000dac00000)
  from space 5120K, 99% used [0x00000000dac00000,0x00000000db0fc030,0x00000000db100000)
  to   space 10752K, 0% used [0x00000000df480000,0x00000000df480000,0x00000000dff00000)
 ParOldGen       total 84992K, used 9619K [0x0000000084a00000, 0x0000000089d00000, 0x00000000d6e00000)
  object space 84992K, 11% used [0x0000000084a00000,0x0000000085364e90,0x0000000089d00000)
 Metaspace       used 13871K, capacity 14102K, committed 14336K, reserved 1062912K
  class space    used 1636K, capacity 1708K, committed 1792K, reserved 1048576K
}
Event: 1.940 GC heap before
{Heap before GC invocations=6 (full 0):
 PSYoungGen      total 68608K, used 68592K [0x00000000d6e00000, 0x00000000dff00000, 0x0000000100000000)
  eden space 63488K, 100% used [0x00000000d6e00000,0x00000000dac00000,0x00000000dac00000)
  from space 5120K, 99% used [0x00000000dac00000,0x00000000db0fc030,0x00000000db100000)
  to   space 10752K, 0% used [0x00000000df480000,0x00000000df480000,0x00000000dff00000)
 ParOldGen       total 84992K, used 9619K [0x0000000084a00000, 0x0000000089d00000, 0x00000000d6e00000)
  object space 84992K, 11% used [0x0000000084a00000,0x0000000085364e90,0x0000000089d00000)
 Metaspace       used 14159K, capacity 14358K, committed 14592K, reserved 1062912K
  class space    used 1637K, capacity 1708K, committed 1792K, reserved 1048576K
Event: 1.953 GC heap after
Heap after GC invocations=6 (full 0):
 PSYoungGen      total 137728K, used 8464K [0x00000000d6e00000, 0x00000000dff00000, 0x0000000100000000)
  eden space 126976K, 0% used [0x00000000d6e00000,0x00000000d6e00000,0x00000000dea00000)
  from space 10752K, 78% used [0x00000000df480000,0x00000000dfcc4010,0x00000000dff00000)
  to   space 10752K, 0% used [0x00000000dea00000,0x00000000dea00000,0x00000000df480000)
 ParOldGen       total 84992K, used 9619K [0x0000000084a00000, 0x0000000089d00000, 0x00000000d6e00000)
  object space 84992K, 11% used [0x0000000084a00000,0x0000000085364e90,0x0000000089d00000)
 Metaspace       used 14159K, capacity 14358K, committed 14592K, reserved 1062912K
  class space    used 1637K, capacity 1708K, committed 1792K, reserved 1048576K
}

Deoptimization events (10 events):
Event: 1.910 Thread 0x00007ff62c00a000 Uncommon trap: reason=bimorphic action=maybe_recompile pc=0x00007ff61cae0dcc method=java.util.concurrent.ConcurrentHashMap.get(Ljava/lang/Object;)Ljava/lang/Object; @ 149
Event: 1.912 Thread 0x00007ff62c00a000 Uncommon trap: reason=bimorphic action=maybe_recompile pc=0x00007ff61cae0dcc method=java.util.concurrent.ConcurrentHashMap.get(Ljava/lang/Object;)Ljava/lang/Object; @ 149
Event: 1.962 Thread 0x00007ff62c00a000 Uncommon trap: reason=unstable_if action=reinterpret pc=0x00007ff61cac4850 method=java.util.LinkedHashMap.afterNodeInsertion(Z)V @ 18
Event: 2.101 Thread 0x00007ff62c00a000 Uncommon trap: reason=intrinsic action=make_not_entrant pc=0x00007ff61cbcb7cc method=org.apache.maven.model.Dependency.getManagementKey()Ljava/lang/String; @ 0
Event: 2.104 Thread 0x00007ff62c00a000 Uncommon trap: reason=intrinsic action=make_not_entrant pc=0x00007ff61cbb22d8 method=org.apache.maven.model.Dependency.getManagementKey()Ljava/lang/String; @ 0
Event: 2.278 Thread 0x00007ff62c00a000 Uncommon trap: reason=unstable_if action=reinterpret pc=0x00007ff61c8e6068 method=java.util.HashMap.hash(Ljava/lang/Object;)I @ 1
Event: 2.638 Thread 0x00007ff62c00a000 Uncommon trap: reason=bimorphic action=maybe_recompile pc=0x00007ff61cb71414 method=java.util.regex.Pattern$Curly.match0(Ljava/util/regex/Matcher;IILjava/lang/CharSequence;)Z @ 170
Event: 2.638 Thread 0x00007ff62c00a000 Uncommon trap: reason=bimorphic action=maybe_recompile pc=0x00007ff61cb71414 method=java.util.regex.Pattern$Curly.match0(Ljava/util/regex/Matcher;IILjava/lang/CharSequence;)Z @ 170
Event: 2.638 Thread 0x00007ff62c00a000 Uncommon trap: reason=bimorphic action=maybe_recompile pc=0x00007ff61cb71414 method=java.util.regex.Pattern$Curly.match0(Ljava/util/regex/Matcher;IILjava/lang/CharSequence;)Z @ 170
Event: 2.638 Thread 0x00007ff62c00a000 Uncommon trap: reason=bimorphic action=maybe_recompile pc=0x00007ff61cb71414 method=java.util.regex.Pattern$Curly.match0(Ljava/util/regex/Matcher;IILjava/lang/CharSequence;)Z @ 170

Internal exceptions (10 events):
Event: 1.267 Thread 0x00007ff62c00a000 Implicit null exception at 0x00007ff61cb10e2d to 0x00007ff61cb1173d
Event: 1.515 Thread 0x00007ff62c00a000 Implicit null exception at 0x00007ff61c92df75 to 0x00007ff61c92e17d
Event: 1.515 Thread 0x00007ff62c00a000 Implicit null exception at 0x00007ff61c8539af to 0x00007ff61c853a19
Event: 1.527 Thread 0x00007ff62c00a000 Implicit null exception at 0x00007ff61cc1c71d to 0x00007ff61cc1f0d9
Event: 1.766 Thread 0x00007ff62c00a000 Implicit null exception at 0x00007ff61cccbd41 to 0x00007ff61cccc85d
Event: 2.278 Thread 0x00007ff62c00a000 Implicit null exception at 0x00007ff61c8e5a7b to 0x00007ff61c8e604d
Event: 2.439 Thread 0x00007ff62c00a000 Exception <a 'java/lang/NoClassDefFoundError': org/slf4j/Logger> (0x00000000da6812d8) thrown at [/HUDSON3/workspace/8-2-build-linux-amd64/jdk8u144/9417/hotspot/src/share/vm/oops/constantPool.cpp, line 235]
Event: 2.768 Thread 0x00007ff62c00a000 Exception <a 'java/lang/NoClassDefFoundError': org/slf4j/Logger> (0x00000000db6729e0) thrown at [/HUDSON3/workspace/8-2-build-linux-amd64/jdk8u144/9417/hotspot/src/share/vm/oops/constantPool.cpp, line 235]
Event: 4.506 Thread 0x00007ff62c00a000 Exception <a 'java/lang/NoClassDefFoundError': org/slf4j/Logger> (0x00000000dd6c0040) thrown at [/HUDSON3/workspace/8-2-build-linux-amd64/jdk8u144/9417/hotspot/src/share/vm/oops/constantPool.cpp, line 235]
Event: 6.682 Thread 0x00007ff62c00a000 Exception <a 'java/lang/ClassNotFoundException': com/sun/tools/javac/api/JavacTool> (0x00000000dd963598) thrown at [/HUDSON3/workspace/8-2-build-linux-amd64/jdk8u144/9417/hotspot/src/share/vm/classfile/systemDictionary.cpp, line 210]

Events (10 events):
Event: 11.733 loading class com/sun/tools/javac/util/Convert
Event: 11.733 loading class com/sun/tools/javac/util/Convert done
Event: 11.739 loading class com/sun/tools/javac/jvm/ClassReader
Event: 11.740 loading class com/sun/tools/javac/jvm/ClassReader done
Event: 11.749 loading class com/sun/tools/javac/code/Type$JCNoType
Event: 11.749 loading class com/sun/tools/javac/code/Type$JCNoType done
Event: 11.750 loading class javax/lang/model/type/NoType
Event: 11.750 loading class javax/lang/model/type/NoType done
Event: 11.751 loading class com/sun/tools/javac/code/Scope
Event: 11.751 loading class com/sun/tools/javac/code/Scope done


Dynamic libraries:
00400000-00401000 r-xp 00000000 08:01 409225                             /usr/lib/jvm/java-8-oracle/bin/java
00600000-00601000 rw-p 00000000 08:01 409225                             /usr/lib/jvm/java-8-oracle/bin/java
01689000-016aa000 rw-p 00000000 00:00 0                                  [heap]
84a00000-89d00000 rw-p 00000000 00:00 0 
89d00000-d6e00000 ---p 00000000 00:00 0 
d6e00000-dff00000 rw-p 00000000 00:00 0 
dff00000-100000000 ---p 00000000 00:00 0 
100000000-100220000 rw-p 00000000 00:00 0 
100220000-140000000 ---p 00000000 00:00 0 
7ff5d8000000-7ff5d8021000 rw-p 00000000 00:00 0 
7ff5d8021000-7ff5dc000000 ---p 00000000 00:00 0 
7ff5e0000000-7ff5e10dd000 rw-p 00000000 00:00 0 
7ff5e10dd000-7ff5e4000000 ---p 00000000 00:00 0 
7ff5e4000000-7ff5e4021000 rw-p 00000000 00:00 0 
7ff5e4021000-7ff5e8000000 ---p 00000000 00:00 0 
7ff5e8000000-7ff5e8d7e000 rw-p 00000000 00:00 0 
7ff5e8d7e000-7ff5ec000000 ---p 00000000 00:00 0 
7ff5ec000000-7ff5ed188000 rw-p 00000000 00:00 0 
7ff5ed188000-7ff5f0000000 ---p 00000000 00:00 0 
7ff5f0000000-7ff5f0021000 rw-p 00000000 00:00 0 
7ff5f0021000-7ff5f4000000 ---p 00000000 00:00 0 
7ff5f4000000-7ff5f4021000 rw-p 00000000 00:00 0 
7ff5f4021000-7ff5f8000000 ---p 00000000 00:00 0 
7ff5f8000000-7ff5f8021000 rw-p 00000000 00:00 0 
7ff5f8021000-7ff5fc000000 ---p 00000000 00:00 0 
7ff5fc000000-7ff5fc021000 rw-p 00000000 00:00 0 
7ff5fc021000-7ff600000000 ---p 00000000 00:00 0 
7ff600000000-7ff600021000 rw-p 00000000 00:00 0 
7ff600021000-7ff604000000 ---p 00000000 00:00 0 
7ff608000000-7ff608021000 rw-p 00000000 00:00 0 
7ff608021000-7ff60c000000 ---p 00000000 00:00 0 
7ff60c000000-7ff60c021000 rw-p 00000000 00:00 0 
7ff60c021000-7ff610000000 ---p 00000000 00:00 0 
7ff610000000-7ff610021000 rw-p 00000000 00:00 0 
7ff610021000-7ff614000000 ---p 00000000 00:00 0 
7ff6143ab000-7ff614425000 r--s 010f7000 08:01 407578                     /usr/lib/jvm/java-8-oracle/lib/tools.jar
7ff614425000-7ff614436000 r-xp 00000000 08:01 409013                     /usr/lib/jvm/java-8-oracle/jre/lib/amd64/libnio.so
7ff614436000-7ff614635000 ---p 00011000 08:01 409013                     /usr/lib/jvm/java-8-oracle/jre/lib/amd64/libnio.so
7ff614635000-7ff614636000 rw-p 00010000 08:01 409013                     /usr/lib/jvm/java-8-oracle/jre/lib/amd64/libnio.so
7ff614636000-7ff61464c000 r-xp 00000000 08:01 409011                     /usr/lib/jvm/java-8-oracle/jre/lib/amd64/libnet.so
7ff61464c000-7ff61484c000 ---p 00016000 08:01 409011                     /usr/lib/jvm/java-8-oracle/jre/lib/amd64/libnet.so
7ff61484c000-7ff61484d000 rw-p 00016000 08:01 409011                     /usr/lib/jvm/java-8-oracle/jre/lib/amd64/libnet.so
7ff61485a000-7ff61495a000 rw-p 00000000 00:00 0 
7ff614999000-7ff61499a000 rw-p 00000000 00:00 0 
7ff61499a000-7ff614a5a000 ---p 00000000 00:00 0 
7ff614a5a000-7ff614a5d000 r--s 0001b000 08:01 413787                     /home/vagrant/.m2/repository/junit/junit/3.8.2/junit-3.8.2.jar
7ff614a5d000-7ff614a6b000 r--s 0008f000 08:01 413785                     /home/vagrant/.m2/repository/com/google/collections/google-collections/1.0/google-collections-1.0.jar
7ff614a6b000-7ff614a6c000 r--s 0000a000 08:01 413782                     /home/vagrant/.m2/repository/commons-logging/commons-logging-api/1.1/commons-logging-api-1.1.jar
7ff614a6c000-7ff614a73000 r--s 00051000 08:01 413780                     /home/vagrant/.m2/repository/log4j/log4j/1.2.12/log4j-1.2.12.jar
7ff614a73000-7ff614a77000 r--s 0001d000 08:01 413779                     /home/vagrant/.m2/repository/org/apache/xbean/xbean-reflect/3.4/xbean-reflect-3.4.jar
7ff614a77000-7ff614a78000 r--s 00004000 08:01 413773                     /home/vagrant/.m2/repository/org/codehaus/plexus/plexus-compiler-javac/2.2/plexus-compiler-javac-2.2.jar
7ff614a78000-7ff614a7a000 r--s 00000000 08:01 413734                     /home/vagrant/.m2/repository/org/codehaus/plexus/plexus-compiler-manager/2.2/plexus-compiler-manager-2.2.jar
7ff614a7a000-7ff614a7c000 r--s 00005000 08:01 413770                     /home/vagrant/.m2/repository/org/codehaus/plexus/plexus-compiler-api/2.2/plexus-compiler-api-2.2.jar
7ff614a7c000-7ff614a7e000 r--s 00000000 08:01 413765                     /home/vagrant/.m2/repository/org/codehaus/plexus/plexus-component-annotations/1.5.5/plexus-component-annotations-1.5.5.jar
7ff614a7e000-7ff614a80000 r--s 00002000 08:01 413764                     /home/vagrant/.m2/repository/org/apache/maven/shared/maven-shared-incremental/1.1/maven-shared-incremental-1.1.jar
7ff614a80000-7ff614a82000 r--s 00006000 08:01 413763                     /home/vagrant/.m2/repository/com/google/code/findbugs/jsr305/2.0.1/jsr305-2.0.1.jar
7ff614a82000-7ff614a85000 r--s 00023000 08:01 413762                     /home/vagrant/.m2/repository/org/apache/maven/shared/maven-shared-utils/0.1/maven-shared-utils-0.1.jar
7ff614a85000-7ff614a89000 r--s 00030000 08:01 413727                     /home/vagrant/.m2/repository/org/codehaus/plexus/plexus-utils/1.5.1/plexus-utils-1.5.1.jar
7ff614a89000-7ff614a8b000 r--s 00009000 08:01 413395                     /home/vagrant/.m2/repository/org/apache/maven/plugins/maven-compiler-plugin/3.1/maven-compiler-plugin-3.1.jar
7ff614a8b000-7ff614a8d000 r--s 0000d000 08:01 413320                     /home/vagrant/.m2/repository/org/codehaus/plexus/plexus-interpolation/1.13/plexus-interpolation-1.13.jar
7ff614a8d000-7ff614a8e000 r--s 00001000 08:01 413314                     /home/vagrant/.m2/repository/org/sonatype/plexus/plexus-build-api/0.0.4/plexus-build-api-0.0.4.jar
7ff614a8e000-7ff614a90000 r--s 00009000 08:01 413313                     /home/vagrant/.m2/repository/org/apache/maven/shared/maven-filtering/1.1/maven-filtering-1.1.jar
7ff614a90000-7ff614a94000 r--s 00033000 08:01 413312                     /home/vagrant/.m2/repository/org/codehaus/plexus/plexus-utils/2.0.5/plexus-utils-2.0.5.jar
7ff614a94000-7ff614a97000 r--s 0001b000 08:01 413277                     /home/vagrant/.m2/repository/junit/junit/3.8.1/junit-3.8.1.jar
7ff614a97000-7ff614a99000 r--s 00002000 08:01 413295                     /home/vagrant/.m2/repository/org/codehaus/plexus/plexus-interactivity-api/1.0-alpha-4/plexus-interactivity-api-1.0-alpha-4.jar
7ff614a99000-7ff614a9b000 r--s 00006000 08:01 413290                     /home/vagrant/.m2/repository/commons-cli/commons-cli/1.0/commons-cli-1.0.jar
7ff614a9b000-7ff614a9c000 r--s 00001000 08:01 413285                     /home/vagrant/.m2/repository/org/apache/maven/doxia/doxia-sink-api/1.0-alpha-7/doxia-sink-api-1.0-alpha-7.jar
7ff614a9c000-7ff614a9d000 r--s 00002000 08:01 413282                     /home/vagrant/.m2/repository/org/apache/maven/reporting/maven-reporting-api/2.0.6/maven-reporting-api-2.0.6.jar
7ff614a9d000-7ff614a9f000 r--s 00006000 08:01 413060                     /home/vagrant/.m2/repository/org/apache/maven/plugins/maven-resources-plugin/2.6/maven-resources-plugin-2.6.jar
7ff614a9f000-7ff614aa3000 r--s 00034000 08:01 413041                     /home/vagrant/.m2/repository/org/codehaus/plexus/plexus-utils/3.0/plexus-utils-3.0.jar
7ff614aa3000-7ff614aa5000 r--s 00005000 08:01 412999                     /home/vagrant/.m2/repository/org/apache/maven/plugins/maven-clean-plugin/2.5/maven-clean-plugin-2.5.jar
7ff614aa5000-7ff614ca5000 rw-p 00000000 00:00 0 
7ff614ca5000-7ff614ea5000 rw-p 00000000 00:00 0 
7ff614ea5000-7ff614eaa000 r--s 0009a000 08:01 409100                     /usr/lib/jvm/java-8-oracle/jre/lib/jsse.jar
7ff614eaa000-7ff6150aa000 rw-p 00000000 00:00 0 
7ff6150aa000-7ff6150ac000 r--s 0000b000 08:01 67981                      /usr/share/java/maven3-aether-provider-3.0.5.jar
7ff6150ac000-7ff6150ae000 r--s 00007000 08:01 67988                      /usr/share/java/maven3-settings-builder-3.0.5.jar
7ff6150ae000-7ff6150b0000 r--s 00002000 08:01 67722                      /usr/share/java/plexus-cipher.jar
7ff6150b0000-7ff6150b2000 r--s 00000000 08:01 67957                      /usr/share/java/plexus-component-annotations-1.5-1.5.5.jar
7ff6150b2000-7ff6150b4000 r--s 00009000 08:01 67985                      /usr/share/java/maven3-settings-3.0.5.jar
7ff6150b4000-7ff6150b5000 r--s 00001000 08:01 67801                      /usr/share/java/wagon-file-2.x.jar
7ff6150b5000-7ff6150b7000 r--s 00006000 08:01 656243                     /usr/share/maven-repo/org/sonatype/aether/aether-connector-wagon/1.13.1/aether-connector-wagon-1.13.1.jar
7ff6150b7000-7ff6150ba000 r--s 00013000 08:01 656225                     /usr/share/maven-repo/org/sonatype/aether/aether-api/1.13.1/aether-api-1.13.1.jar
7ff6150ba000-7ff6150bc000 r--s 00008000 08:01 67984                      /usr/share/java/maven3-embedder-3.0.5.jar
7ff6150bc000-7ff6150c0000 r--s 0001c000 08:01 656208                     /usr/share/maven-repo/org/sonatype/aether/aether-util/1.13.1/aether-util-1.13.1.jar
7ff6150c0000-7ff6150c4000 r--s 00020000 08:01 67991                      /usr/share/java/maven3-model-builder-3.0.5.jar
7ff6150c4000-7ff6150c6000 r--s 00009000 08:01 67990                      /usr/share/java/maven3-plugin-api-3.0.5.jar
7ff6150c6000-7ff6150d2000 r--s 00082000 08:01 67104                      /usr/share/java/sisu-guice.jar
7ff6150d2000-7ff6150d3000 r--s 00006000 08:01 67728                      /usr/share/java/plexus-sec-dispatcher.jar
7ff6150d3000-7ff6150ef000 r--s 00110000 08:01 67860                      /usr/share/java/wagon-http-shaded-2.x.jar
7ff6150ef000-7ff6150f0000 r--s 00003000 08:01 656220                     /usr/share/maven-repo/org/sonatype/aether/aether-spi/1.13.1/aether-spi-1.13.1.jar
7ff6150f0000-7ff6150fc000 r--s 0007c000 08:01 67983                      /usr/share/java/maven3-core-3.0.5.jar
7ff6150fc000-7ff6150fe000 r--s 0000a000 08:01 67987                      /usr/share/java/maven3-artifact-3.0.5.jar
7ff6150fe000-7ff615100000 r--s 00005000 08:01 67986                      /usr/share/java/maven3-repository-metadata-3.0.5.jar
7ff615100000-7ff615129000 r--s 001e9000 08:01 67487                      /usr/share/java/guava.jar
7ff615129000-7ff61512a000 ---p 00000000 00:00 0 
7ff61512a000-7ff61522a000 rw-p 00000000 00:00 0                          [stack:26351]
7ff61522a000-7ff61522d000 ---p 00000000 00:00 0 
7ff61522d000-7ff61532b000 rw-p 00000000 00:00 0                          [stack:26350]
7ff61532b000-7ff61532e000 ---p 00000000 00:00 0 
7ff61532e000-7ff61542c000 rw-p 00000000 00:00 0                          [stack:26349]
7ff61542c000-7ff61542f000 ---p 00000000 00:00 0 
7ff61542f000-7ff61552d000 rw-p 00000000 00:00 0                          [stack:26348]
7ff61552d000-7ff615530000 ---p 00000000 00:00 0 
7ff615530000-7ff61562e000 rw-p 00000000 00:00 0                          [stack:26347]
7ff61562e000-7ff615631000 ---p 00000000 00:00 0 
7ff615631000-7ff61572f000 rw-p 00000000 00:00 0                          [stack:26346]
7ff61572f000-7ff6158b8000 r--p 00000000 08:01 27011                      /usr/lib/locale/locale-archive
7ff6158b8000-7ff6158bb000 ---p 00000000 00:00 0 
7ff6158bb000-7ff6159b9000 rw-p 00000000 00:00 0                          [stack:26345]
7ff6159b9000-7ff6159bc000 ---p 00000000 00:00 0 
7ff6159bc000-7ff615aba000 rw-p 00000000 00:00 0                          [stack:26344]
7ff615aba000-7ff615abb000 ---p 00000000 00:00 0 
7ff615abb000-7ff616b9d000 rw-p 00000000 00:00 0                          [stack:26343]
7ff616b9d000-7ff616d77000 r--s 03d4d000 08:01 408863                     /usr/lib/jvm/java-8-oracle/jre/lib/rt.jar
7ff616d77000-7ff61b778000 rw-p 00000000 00:00 0 
7ff61b778000-7ff61b779000 ---p 00000000 00:00 0 
7ff61b779000-7ff61b879000 rw-p 00000000 00:00 0                          [stack:26342]
7ff61b879000-7ff61b87a000 ---p 00000000 00:00 0 
7ff61b87a000-7ff61b97a000 rw-p 00000000 00:00 0                          [stack:26341]
7ff61b97a000-7ff61b97b000 ---p 00000000 00:00 0 
7ff61b97b000-7ff61ba7b000 rw-p 00000000 00:00 0                          [stack:26340]
7ff61ba7b000-7ff61ba7c000 ---p 00000000 00:00 0 
7ff61ba7c000-7ff61bba6000 rw-p 00000000 00:00 0                          [stack:26339]
7ff61bba6000-7ff61be0e000 ---p 00000000 00:00 0 
7ff61be0e000-7ff61be38000 rw-p 00000000 00:00 0 
7ff61be38000-7ff61c0a0000 ---p 00000000 00:00 0 
7ff61c0a0000-7ff61c0e9000 rw-p 00000000 00:00 0 
7ff61c0e9000-7ff61c1e9000 ---p 00000000 00:00 0 
7ff61c1e9000-7ff61c214000 rw-p 00000000 00:00 0 
7ff61c214000-7ff61c5aa000 ---p 00000000 00:00 0 
7ff61c5aa000-7ff61d02a000 rwxp 00000000 00:00 0 
7ff61d02a000-7ff62b5aa000 ---p 00000000 00:00 0 
7ff62b5aa000-7ff62b5c4000 r-xp 00000000 08:01 409021                     /usr/lib/jvm/java-8-oracle/jre/lib/amd64/libzip.so
7ff62b5c4000-7ff62b7c4000 ---p 0001a000 08:01 409021                     /usr/lib/jvm/java-8-oracle/jre/lib/amd64/libzip.so
7ff62b7c4000-7ff62b7c5000 rw-p 0001a000 08:01 409021                     /usr/lib/jvm/java-8-oracle/jre/lib/amd64/libzip.so
7ff62b7c5000-7ff62b7cf000 r-xp 00000000 08:01 3069                       /lib/x86_64-linux-gnu/libnss_files-2.19.so
7ff62b7cf000-7ff62b9ce000 ---p 0000a000 08:01 3069                       /lib/x86_64-linux-gnu/libnss_files-2.19.so
7ff62b9ce000-7ff62b9cf000 r--p 00009000 08:01 3069                       /lib/x86_64-linux-gnu/libnss_files-2.19.so
7ff62b9cf000-7ff62b9d0000 rw-p 0000a000 08:01 3069                       /lib/x86_64-linux-gnu/libnss_files-2.19.so
7ff62b9d0000-7ff62b9db000 r-xp 00000000 08:01 2961                       /lib/x86_64-linux-gnu/libnss_nis-2.19.so
7ff62b9db000-7ff62bbda000 ---p 0000b000 08:01 2961                       /lib/x86_64-linux-gnu/libnss_nis-2.19.so
7ff62bbda000-7ff62bbdb000 r--p 0000a000 08:01 2961                       /lib/x86_64-linux-gnu/libnss_nis-2.19.so
7ff62bbdb000-7ff62bbdc000 rw-p 0000b000 08:01 2961                       /lib/x86_64-linux-gnu/libnss_nis-2.19.so
7ff62bbdc000-7ff62bbf3000 r-xp 00000000 08:01 2918                       /lib/x86_64-linux-gnu/libnsl-2.19.so
7ff62bbf3000-7ff62bdf2000 ---p 00017000 08:01 2918                       /lib/x86_64-linux-gnu/libnsl-2.19.so
7ff62bdf2000-7ff62bdf3000 r--p 00016000 08:01 2918                       /lib/x86_64-linux-gnu/libnsl-2.19.so
7ff62bdf3000-7ff62bdf4000 rw-p 00017000 08:01 2918                       /lib/x86_64-linux-gnu/libnsl-2.19.so
7ff62bdf4000-7ff62bdf6000 rw-p 00000000 00:00 0 
7ff62bdf6000-7ff62bdff000 r-xp 00000000 08:01 2929                       /lib/x86_64-linux-gnu/libnss_compat-2.19.so
7ff62bdff000-7ff62bffe000 ---p 00009000 08:01 2929                       /lib/x86_64-linux-gnu/libnss_compat-2.19.so
7ff62bffe000-7ff62bfff000 r--p 00008000 08:01 2929                       /lib/x86_64-linux-gnu/libnss_compat-2.19.so
7ff62bfff000-7ff62c000000 rw-p 00009000 08:01 2929                       /lib/x86_64-linux-gnu/libnss_compat-2.19.so
7ff62c000000-7ff62cc79000 rw-p 00000000 00:00 0 
7ff62cc79000-7ff630000000 ---p 00000000 00:00 0 
7ff630000000-7ff630002000 r--s 00007000 08:01 67466                      /usr/share/java/commons-cli-1.2.jar
7ff630002000-7ff630009000 r--s 0003b000 08:01 67527                      /usr/share/java/commons-codec-1.9.jar
7ff630009000-7ff63000e000 r--s 00044000 08:01 67734                      /usr/share/java/commons-httpclient-3.1.jar
7ff63000e000-7ff630039000 r-xp 00000000 08:01 409034                     /usr/lib/jvm/java-8-oracle/jre/lib/amd64/libjava.so
7ff630039000-7ff630238000 ---p 0002b000 08:01 409034                     /usr/lib/jvm/java-8-oracle/jre/lib/amd64/libjava.so
7ff630238000-7ff63023a000 rw-p 0002a000 08:01 409034                     /usr/lib/jvm/java-8-oracle/jre/lib/amd64/libjava.so
7ff63023a000-7ff630247000 r-xp 00000000 08:01 409030                     /usr/lib/jvm/java-8-oracle/jre/lib/amd64/libverify.so
7ff630247000-7ff630447000 ---p 0000d000 08:01 409030                     /usr/lib/jvm/java-8-oracle/jre/lib/amd64/libverify.so
7ff630447000-7ff630449000 rw-p 0000d000 08:01 409030                     /usr/lib/jvm/java-8-oracle/jre/lib/amd64/libverify.so
7ff630449000-7ff630450000 r-xp 00000000 08:01 2890                       /lib/x86_64-linux-gnu/librt-2.19.so
7ff630450000-7ff63064f000 ---p 00007000 08:01 2890                       /lib/x86_64-linux-gnu/librt-2.19.so
7ff63064f000-7ff630650000 r--p 00006000 08:01 2890                       /lib/x86_64-linux-gnu/librt-2.19.so
7ff630650000-7ff630651000 rw-p 00007000 08:01 2890                       /lib/x86_64-linux-gnu/librt-2.19.so
7ff630651000-7ff630756000 r-xp 00000000 08:01 2984                       /lib/x86_64-linux-gnu/libm-2.19.so
7ff630756000-7ff630955000 ---p 00105000 08:01 2984                       /lib/x86_64-linux-gnu/libm-2.19.so
7ff630955000-7ff630956000 r--p 00104000 08:01 2984                       /lib/x86_64-linux-gnu/libm-2.19.so
7ff630956000-7ff630957000 rw-p 00105000 08:01 2984                       /lib/x86_64-linux-gnu/libm-2.19.so
7ff630957000-7ff63162a000 r-xp 00000000 08:01 409026                     /usr/lib/jvm/java-8-oracle/jre/lib/amd64/server/libjvm.so
7ff63162a000-7ff631829000 ---p 00cd3000 08:01 409026                     /usr/lib/jvm/java-8-oracle/jre/lib/amd64/server/libjvm.so
7ff631829000-7ff631903000 rw-p 00cd2000 08:01 409026                     /usr/lib/jvm/java-8-oracle/jre/lib/amd64/server/libjvm.so
7ff631903000-7ff63194e000 rw-p 00000000 00:00 0 
7ff63194e000-7ff631b0c000 r-xp 00000000 08:01 3068                       /lib/x86_64-linux-gnu/libc-2.19.so
7ff631b0c000-7ff631d0c000 ---p 001be000 08:01 3068                       /lib/x86_64-linux-gnu/libc-2.19.so
7ff631d0c000-7ff631d10000 r--p 001be000 08:01 3068                       /lib/x86_64-linux-gnu/libc-2.19.so
7ff631d10000-7ff631d12000 rw-p 001c2000 08:01 3068                       /lib/x86_64-linux-gnu/libc-2.19.so
7ff631d12000-7ff631d17000 rw-p 00000000 00:00 0 
7ff631d17000-7ff631d1a000 r-xp 00000000 08:01 2919                       /lib/x86_64-linux-gnu/libdl-2.19.so
7ff631d1a000-7ff631f19000 ---p 00003000 08:01 2919                       /lib/x86_64-linux-gnu/libdl-2.19.so
7ff631f19000-7ff631f1a000 r--p 00002000 08:01 2919                       /lib/x86_64-linux-gnu/libdl-2.19.so
7ff631f1a000-7ff631f1b000 rw-p 00003000 08:01 2919                       /lib/x86_64-linux-gnu/libdl-2.19.so
7ff631f1b000-7ff631f30000 r-xp 00000000 08:01 408148                     /usr/lib/jvm/java-8-oracle/lib/amd64/jli/libjli.so
7ff631f30000-7ff632130000 ---p 00015000 08:01 408148                     /usr/lib/jvm/java-8-oracle/lib/amd64/jli/libjli.so
7ff632130000-7ff632131000 rw-p 00015000 08:01 408148                     /usr/lib/jvm/java-8-oracle/lib/amd64/jli/libjli.so
7ff632131000-7ff63214a000 r-xp 00000000 08:01 2964                       /lib/x86_64-linux-gnu/libpthread-2.19.so
7ff63214a000-7ff632349000 ---p 00019000 08:01 2964                       /lib/x86_64-linux-gnu/libpthread-2.19.so
7ff632349000-7ff63234a000 r--p 00018000 08:01 2964                       /lib/x86_64-linux-gnu/libpthread-2.19.so
7ff63234a000-7ff63234b000 rw-p 00019000 08:01 2964                       /lib/x86_64-linux-gnu/libpthread-2.19.so
7ff63234b000-7ff63234f000 rw-p 00000000 00:00 0 
7ff63234f000-7ff632372000 r-xp 00000000 08:01 2874                       /lib/x86_64-linux-gnu/ld-2.19.so
7ff632372000-7ff632375000 r--s 0001d000 08:01 656237                     /usr/share/maven-repo/org/sonatype/aether/aether-impl/1.13.1/aether-impl-1.13.1.jar
7ff632375000-7ff63237b000 r--s 0002c000 08:01 67134                      /usr/share/java/sisu-inject-plexus.jar
7ff63237b000-7ff63237d000 r--s 0000a000 08:01 67797                      /usr/share/java/wagon-provider-api-2.x.jar
7ff63237d000-7ff632383000 r--s 0003e000 08:01 67989                      /usr/share/java/maven3-compat-3.0.5.jar
7ff632383000-7ff632387000 r--s 00033000 08:01 67942                      /usr/share/java/plexus-utils2-2.0.5.jar
7ff632387000-7ff632389000 r--s 0000e000 08:01 67559                      /usr/share/java/plexus-interpolation.jar
7ff632389000-7ff632390000 r--s 00040000 08:01 67183                      /usr/share/java/sisu-inject-bean.jar
7ff632390000-7ff632392000 r--s 00025000 08:01 67982                      /usr/share/java/maven3-model-3.0.5.jar
7ff632392000-7ff63245d000 rw-p 00000000 00:00 0 
7ff63245d000-7ff632460000 ---p 00000000 00:00 0 
7ff632460000-7ff632562000 rw-p 00000000 00:00 0                          [stack:26338]
7ff632562000-7ff632563000 r--s 0000d000 08:01 67263                      /usr/share/java/commons-logging-1.1.3.jar
7ff632563000-7ff632565000 r--s 0000a000 08:01 67434                      /usr/share/java/plexus-classworlds2-2.5.1.jar
7ff632565000-7ff63256d000 rw-s 00000000 08:01 662503                     /tmp/hsperfdata_vagrant/26327
7ff63256d000-7ff63256e000 rw-p 00000000 00:00 0 
7ff63256e000-7ff63256f000 ---p 00000000 00:00 0 
7ff63256f000-7ff632571000 rw-p 00000000 00:00 0 
7ff632571000-7ff632572000 r--p 00022000 08:01 2874                       /lib/x86_64-linux-gnu/ld-2.19.so
7ff632572000-7ff632573000 rw-p 00023000 08:01 2874                       /lib/x86_64-linux-gnu/ld-2.19.so
7ff632573000-7ff632574000 rw-p 00000000 00:00 0 
7ffd744de000-7ffd744ff000 rw-p 00000000 00:00 0                          [stack]
7ffd7454d000-7ffd7454f000 r-xp 00000000 00:00 0                          [vdso]
ffffffffff600000-ffffffffff601000 r-xp 00000000 00:00 0                  [vsyscall]

VM Arguments:
jvm_args: -Dclassworlds.conf=/usr/share/maven/bin/m2.conf -Dmaven.home=/usr/share/maven 
java_command: org.codehaus.plexus.classworlds.launcher.Launcher clean install
java_class_path (initial): /usr/share/maven/boot/plexus-classworlds-2.x.jar
Launcher Type: SUN_STANDARD

Environment Variables:
JAVA_HOME=/usr/lib/jvm/java-8-oracle
PATH=/usr/local/sbin:/usr/local/bin:/usr/sbin:/usr/bin:/sbin:/bin:/usr/games:/usr/local/games:/usr/lib/jvm/java-8-oracle/bin:/usr/lib/jvm/java-8-oracle/db/bin:/usr/lib/jvm/java-8-oracle/jre/bin
SHELL=/bin/zsh
DISPLAY=:0.0

Signal Handlers:
SIGSEGV: [libjvm.so+0xacba10], sa_mask[0]=11111111011111111101111111111110, sa_flags=SA_RESTART|SA_SIGINFO
SIGBUS: [libjvm.so+0xacba10], sa_mask[0]=11111111011111111101111111111110, sa_flags=SA_RESTART|SA_SIGINFO
SIGFPE: [libjvm.so+0x924ba0], sa_mask[0]=11111111011111111101111111111110, sa_flags=SA_RESTART|SA_SIGINFO
SIGPIPE: [libjvm.so+0x924ba0], sa_mask[0]=11111111011111111101111111111110, sa_flags=SA_RESTART|SA_SIGINFO
SIGXFSZ: [libjvm.so+0x924ba0], sa_mask[0]=11111111011111111101111111111110, sa_flags=SA_RESTART|SA_SIGINFO
SIGILL: [libjvm.so+0x924ba0], sa_mask[0]=11111111011111111101111111111110, sa_flags=SA_RESTART|SA_SIGINFO
SIGUSR1: SIG_DFL, sa_mask[0]=00000000000000000000000000000000, sa_flags=none
SIGUSR2: [libjvm.so+0x9263e0], sa_mask[0]=00000000000000000000000000000000, sa_flags=SA_RESTART|SA_SIGINFO
SIGHUP: [libjvm.so+0x9277e0], sa_mask[0]=11111111011111111101111111111110, sa_flags=SA_RESTART|SA_SIGINFO
SIGINT: [libjvm.so+0x9277e0], sa_mask[0]=11111111011111111101111111111110, sa_flags=SA_RESTART|SA_SIGINFO
SIGTERM: [libjvm.so+0x9277e0], sa_mask[0]=11111111011111111101111111111110, sa_flags=SA_RESTART|SA_SIGINFO
SIGQUIT: [libjvm.so+0x9277e0], sa_mask[0]=11111111011111111101111111111110, sa_flags=SA_RESTART|SA_SIGINFO


---------------  S Y S T E M  ---------------

OS:DISTRIB_ID=Ubuntu
DISTRIB_RELEASE=14.04
DISTRIB_CODENAME=trusty
DISTRIB_DESCRIPTION="Ubuntu 14.04.5 LTS"

uname:Linux 3.13.0-132-generic #181-Ubuntu SMP Wed Sep 13 13:25:03 UTC 2017 x86_64
libc:glibc 2.19 NPTL 2.19 
rlimit: STACK 8192k, CORE 0k, NPROC 62941, NOFILE 4096, AS infinity
load average:3.25 1.47 1.19

/proc/meminfo:
MemTotal:        8078412 kB
MemFree:          100984 kB
Buffers:             580 kB
Cached:            53328 kB
SwapCached:            0 kB
Active:          7731460 kB
Inactive:          51692 kB
Active(anon):    7730644 kB
Inactive(anon):    48048 kB
Active(file):        816 kB
Inactive(file):     3644 kB
Unevictable:           4 kB
Mlocked:               4 kB
SwapTotal:             0 kB
SwapFree:              0 kB
Dirty:                 0 kB
Writeback:             0 kB
AnonPages:       7729896 kB
Mapped:            49244 kB
Shmem:             48800 kB
Slab:              74032 kB
SReclaimable:      35264 kB
SUnreclaim:        38768 kB
KernelStack:        7400 kB
PageTables:        45212 kB
NFS_Unstable:          0 kB
Bounce:                0 kB
WritebackTmp:          0 kB
CommitLimit:     4039204 kB
Committed_AS:   12262200 kB
VmallocTotal:   34359738367 kB
VmallocUsed:       78704 kB
VmallocChunk:   34359633856 kB
HardwareCorrupted:     0 kB
AnonHugePages:   5146624 kB
HugePages_Total:       0
HugePages_Free:        0
HugePages_Rsvd:        0
HugePages_Surp:        0
Hugepagesize:       2048 kB
DirectMap4k:       79808 kB
DirectMap2M:     8210432 kB


CPU:total 4 (initial active 4) (4 cores per cpu, 1 threads per core) family 6 model 94 stepping 3, cmov, cx8, fxsr, mmx, sse, sse2, sse3, ssse3, sse4.1, sse4.2, popcnt, avx, aes, clmul, 3dnowpref, lzcnt, tsc, tscinvbit

/proc/cpuinfo:
processor	: 0
vendor_id	: GenuineIntel
cpu family	: 6
model		: 94
model name	: Intel(R) Core(TM) i7-6700K CPU @ 4.00GHz
stepping	: 3
cpu MHz		: 4008.180
cache size	: 8192 KB
physical id	: 0
siblings	: 4
core id		: 0
cpu cores	: 4
apicid		: 0
initial apicid	: 0
fpu		: yes
fpu_exception	: yes
cpuid level	: 22
wp		: yes
flags		: fpu vme de pse tsc msr pae mce cx8 apic sep mtrr pge mca cmov pat pse36 clflush mmx fxsr sse sse2 ht syscall nx rdtscp lm constant_tsc rep_good nopl xtopology nonstop_tsc pni pclmulqdq ssse3 cx16 sse4_1 sse4_2 movbe popcnt aes xsave avx rdrand lahf_lm abm 3dnowprefetch rdseed
bogomips	: 8016.36
clflush size	: 64
cache_alignment	: 64
address sizes	: 39 bits physical, 48 bits virtual
power management:

processor	: 1
vendor_id	: GenuineIntel
cpu family	: 6
model		: 94
model name	: Intel(R) Core(TM) i7-6700K CPU @ 4.00GHz
stepping	: 3
cpu MHz		: 4008.180
cache size	: 8192 KB
physical id	: 0
siblings	: 4
core id		: 1
cpu cores	: 4
apicid		: 1
initial apicid	: 1
fpu		: yes
fpu_exception	: yes
cpuid level	: 22
wp		: yes
flags		: fpu vme de pse tsc msr pae mce cx8 apic sep mtrr pge mca cmov pat pse36 clflush mmx fxsr sse sse2 ht syscall nx rdtscp lm constant_tsc rep_good nopl xtopology nonstop_tsc pni pclmulqdq ssse3 cx16 sse4_1 sse4_2 movbe popcnt aes xsave avx rdrand lahf_lm abm 3dnowprefetch rdseed
bogomips	: 8016.36
clflush size	: 64
cache_alignment	: 64
address sizes	: 39 bits physical, 48 bits virtual
power management:

processor	: 2
vendor_id	: GenuineIntel
cpu family	: 6
model		: 94
model name	: Intel(R) Core(TM) i7-6700K CPU @ 4.00GHz
stepping	: 3
cpu MHz		: 4008.180
cache size	: 8192 KB
physical id	: 0
siblings	: 4
core id		: 2
cpu cores	: 4
apicid		: 2
initial apicid	: 2
fpu		: yes
fpu_exception	: yes
cpuid level	: 22
wp		: yes
flags		: fpu vme de pse tsc msr pae mce cx8 apic sep mtrr pge mca cmov pat pse36 clflush mmx fxsr sse sse2 ht syscall nx rdtscp lm constant_tsc rep_good nopl xtopology nonstop_tsc pni pclmulqdq ssse3 cx16 sse4_1 sse4_2 movbe popcnt aes xsave avx rdrand lahf_lm abm 3dnowprefetch rdseed
bogomips	: 8016.36
clflush size	: 64
cache_alignment	: 64
address sizes	: 39 bits physical, 48 bits virtual
power management:

processor	: 3
vendor_id	: GenuineIntel
cpu family	: 6
model		: 94
model name	: Intel(R) Core(TM) i7-6700K CPU @ 4.00GHz
stepping	: 3
cpu MHz		: 4008.180
cache size	: 8192 KB
physical id	: 0
siblings	: 4
core id		: 3
cpu cores	: 4
apicid		: 3
initial apicid	: 3
fpu		: yes
fpu_exception	: yes
cpuid level	: 22
wp		: yes
flags		: fpu vme de pse tsc msr pae mce cx8 apic sep mtrr pge mca cmov pat pse36 clflush mmx fxsr sse sse2 ht syscall nx rdtscp lm constant_tsc rep_good nopl xtopology nonstop_tsc pni pclmulqdq ssse3 cx16 sse4_1 sse4_2 movbe popcnt aes xsave avx rdrand lahf_lm abm 3dnowprefetch rdseed
bogomips	: 8016.36
clflush size	: 64
cache_alignment	: 64
address sizes	: 39 bits physical, 48 bits virtual
power management:



Memory: 4k page, physical 8078412k(100984k free), swap 0k(0k free)

vm_info: Java HotSpot(TM) 64-Bit Server VM (25.144-b01) for linux-amd64 JRE (1.8.0_144-b01), built on Jul 21 2017 21:57:33 by "java_re" with gcc 4.3.0 20080428 (Red Hat 4.3.0-8)

time: Mon Oct 30 18:34:38 2017
elapsed time: 12 seconds (0d 0h 0m 12s)

